


ARM Macro Assembler    Page 1 


    1 00000000                 AREA             a02_4, CODE, READONLY
    2 00000000 E3A0020A        MOV              r0, #0xa0000000
    3 00000004 E3A0120F        MOV              r1, #0xf0000000
    4 00000008 E0913000        ADDS             r3, r1 ,r0
    5 0000000C E0432000        SUB              r2, r3, r0
    6 00000010 EAFFFFFE 
                       S       B                S
    7 00000014                 END
Command Line: --debug --xref --diag_suppress=9931 --bi --apcs=interwork --depen
d=.\objects\a02_4.d -o.\objects\a02_4.o -IC:\Keil_v5\ARM\RV31\INC -IC:\Keil_v5\
ARM\CMSIS\Include --predefine="__EVAL SETA 1" --predefine="__UVISION_VERSION SE
TA 529" --list=.\listings\a02_4.lst a02_4.s



ARM Macro Assembler    Page 1 Alphabetic symbol ordering
Relocatable symbols

S 00000010

Symbol: S
   Definitions
      At line 6 in file a02_4.s
   Uses
      At line 6 in file a02_4.s
Comment: S used once
a02_4 00000000

Symbol: a02_4
   Definitions
      At line 1 in file a02_4.s
   Uses
      None
Comment: a02_4 unused
2 symbols
334 symbols in table
