


ARM Macro Assembler    Page 1 


    1 00000000                 AREA             a01_4, CODE, READONLY
    2 00000000 E3A00020        MOV              r0,#0x20
    3 00000004 E3A01020        MOV              r1,#0x20
    4 00000008 E0512000        SUBS             r2,r1,r0
    5 0000000C EAFFFFFE 
                       S       B                S
    6 00000010                 END
Command Line: --debug --xref --diag_suppress=9931 --bi --apcs=interwork --depen
d=.\objects\a02_1.d -o.\objects\a02_1.o -IC:\Keil_v5\ARM\RV31\INC -IC:\Keil_v5\
ARM\CMSIS\Include --predefine="__EVAL SETA 1" --predefine="__UVISION_VERSION SE
TA 529" --list=.\listings\a02_1.lst a02_1.s



ARM Macro Assembler    Page 1 Alphabetic symbol ordering
Relocatable symbols

S 0000000C

Symbol: S
   Definitions
      At line 5 in file a02_1.s
   Uses
      At line 5 in file a02_1.s
Comment: S used once
a01_4 00000000

Symbol: a01_4
   Definitions
      At line 1 in file a02_1.s
   Uses
      None
Comment: a01_4 unused
2 symbols
334 symbols in table
